<?xml version="1.0" encoding="UTF-8"?>
<!-- Generated by org.testng.reporters.JUnitXMLReporter -->
<testsuite hostname="360NDCLP168" ignored="0" name="TestNg Test" tests="3" failures="0" timestamp="30 Dec 2019 23:53:32 GMT" time="154.803" errors="0">
  <testcase name="@AfterTest DokcerDeleteFile" time="30.375" classname="test.chromeTest1">
    <failure type="java.io.FileNotFoundException" message="output.txt (The system cannot find the file specified)">
      <![CDATA[java.io.FileNotFoundException: output.txt (The system cannot find the file specified)
at java.io.FileInputStream.open0(Native Method)
at java.io.FileInputStream.open(FileInputStream.java:195)
at java.io.FileInputStream.<init>(FileInputStream.java:138)
at java.io.FileInputStream.<init>(FileInputStream.java:93)
at java.io.FileReader.<init>(FileReader.java:58)
at test.StopDocker.stopfile(StopDocker.java:34)
at test.chromeTest1.DokcerDeleteFile(chromeTest1.java:28)
... Removed 24 stack frames]]>
    </failure>
  </testcase> <!-- @AfterTest DokcerDeleteFile -->
  <testcase name="test1" time="26.307" classname="test.chromeTest1"/>
  <testcase name="test2" time="28.613" classname="test.chromeTest2"/>
  <testcase name="test3" time="70.379" classname="test.chromeTest3"/>
</testsuite> <!-- TestNg Test -->
