<?xml version="1.0" encoding="UTF-8"?>
<testng-results skipped="0" failed="0" ignored="0" total="1" passed="1">
  <reporter-output>
  </reporter-output>
  <suite name="Default suite" duration-ms="31637" started-at="2019-11-26T01:19:50Z" finished-at="2019-11-26T01:20:21Z">
    <groups>
    </groups>
    <test name="Default test" duration-ms="31637" started-at="2019-11-26T01:19:50Z" finished-at="2019-11-26T01:20:21Z">
      <class name="test.executeTest">
        <test-method status="PASS" signature="setup()[pri:0, instance:test.executeTest@6d4b1c02]" name="setup" is-config="true" duration-ms="28071" started-at="2019-11-26T01:19:50Z" finished-at="2019-11-26T01:20:18Z">
          <reporter-output>
          </reporter-output>
        </test-method> <!-- setup -->
        <test-method status="PASS" signature="LoginIntoApp()[pri:0, instance:test.executeTest@6d4b1c02]" name="LoginIntoApp" duration-ms="3545" started-at="2019-11-26T01:20:18Z" finished-at="2019-11-26T01:20:21Z">
          <reporter-output>
          </reporter-output>
        </test-method> <!-- LoginIntoApp -->
      </class> <!-- test.executeTest -->
    </test> <!-- Default test -->
  </suite> <!-- Default suite -->
</testng-results>
